2025-02-13 10:16:05,537 - INFO - ['leo_poll_re-leothreads-ciytpfsn', 'leo_poll_re-leothreads-klxvtevc', 'leo_poll_re-leothreads-64ornd3q']
2025-02-13 10:17:14,741 - INFO - ['leo_poll_re-leothreads-ciytpfsn', 'leo_poll_re-leothreads-klxvtevc', 'leo_poll_re-leothreads-64ornd3q']
2025-02-13 10:18:53,095 - INFO - ['leo_poll_re-leothreads-ciytpfsn', 'leo_poll_re-leothreads-klxvtevc', 'leo_poll_re-leothreads-64ornd3q']
2025-02-13 10:19:15,549 - INFO - ['leo_poll_re-leothreads-ciytpfsn', 'leo_poll_re-leothreads-klxvtevc', 'leo_poll_re-leothreads-64ornd3q']
2025-02-13 10:19:31,881 - INFO - ['leo_poll_re-leothreads-ciytpfsn', 'leo_poll_re-leothreads-klxvtevc', 'leo_poll_re-leothreads-64ornd3q']
2025-02-13 10:19:41,650 - WARNING - {'error': {'code': -32003, 'message': 'Assert Exception:args.start >= args.limit-1: start must be greater than or equal to limit-1 (start is 0-based index)'}, 'id': 1, 'jsonrpc': '2.0'} from this {"jsonrpc":"2.0", "method":"condenser_api.get_account_history", "params":["bullguyz", 2, 1000, 262144], "id":1}
2025-02-13 10:19:41,650 - ERROR - An error occurred: list index out of range
2025-02-13 10:19:46,643 - INFO - ['leo_poll_re-leothreads-ciytpfsn', 'leo_poll_re-leothreads-klxvtevc', 'leo_poll_re-leothreads-64ornd3q']
2025-02-13 10:20:39,764 - INFO - ['leo_poll_re-leothreads-ciytpfsn', 'leo_poll_re-leothreads-klxvtevc', 'leo_poll_re-leothreads-64ornd3q']
2025-02-13 10:21:42,694 - INFO - ['leo_poll_re-leothreads-ciytpfsn', 'leo_poll_re-leothreads-klxvtevc', 'leo_poll_re-leothreads-64ornd3q']
2025-02-13 10:32:04,201 - INFO - ['leo_poll_re-leothreads-ciytpfsn', 'leo_poll_re-leothreads-klxvtevc', 'leo_poll_re-leothreads-64ornd3q']
2025-02-13 11:03:15,983 - INFO - ['leo_poll_re-leothreads-ciytpfsn', 'leo_poll_re-leothreads-klxvtevc', 'leo_poll_re-leothreads-64ornd3q']
2025-02-13 11:06:04,375 - INFO - ['leo_poll_re-leothreads-ciytpfsn', 'leo_poll_re-leothreads-klxvtevc', 'leo_poll_re-leothreads-64ornd3q']
2025-02-13 11:06:28,174 - INFO - ['leo_poll_re-leothreads-ciytpfsn', 'leo_poll_re-leothreads-klxvtevc', 'leo_poll_re-leothreads-64ornd3q']
2025-02-13 11:06:34,672 - INFO - ['leo_poll_re-leothreads-ciytpfsn', 'leo_poll_re-leothreads-klxvtevc', 'leo_poll_re-leothreads-64ornd3q']
2025-02-13 11:07:03,506 - INFO - ['leo_poll_re-leothreads-ciytpfsn', 'leo_poll_re-leothreads-klxvtevc', 'leo_poll_re-leothreads-64ornd3q']
2025-02-13 11:07:58,803 - INFO - ['leo_poll_re-leothreads-ciytpfsn', 'leo_poll_re-leothreads-klxvtevc', 'leo_poll_re-leothreads-64ornd3q']
2025-02-13 11:08:16,533 - ERROR - An error occurred: invalid literal for int() with base 10: 'made'
2025-02-13 11:09:08,387 - INFO - ['leo_poll_re-leothreads-ciytpfsn', 'leo_poll_re-leothreads-klxvtevc', 'leo_poll_re-leothreads-64ornd3q']
2025-02-13 11:09:23,671 - ERROR - An error occurred: invalid literal for int() with base 10: '**52'
2025-02-13 11:13:17,245 - INFO - ['leo_poll_re-leothreads-ciytpfsn', 'leo_poll_re-leothreads-klxvtevc', 'leo_poll_re-leothreads-64ornd3q']
2025-02-13 11:13:44,276 - ERROR - An error occurred: invalid literal for int() with base 10: '52 comments'
2025-02-13 11:14:21,583 - INFO - ['leo_poll_re-leothreads-ciytpfsn', 'leo_poll_re-leothreads-klxvtevc', 'leo_poll_re-leothreads-64ornd3q']
2025-02-13 11:16:25,345 - INFO - ['leo_poll_re-leothreads-ciytpfsn', 'leo_poll_re-leothreads-klxvtevc', 'leo_poll_re-leothreads-64ornd3q']
2025-02-13 11:16:38,802 - ERROR - An error occurred: invalid literal for int() with base 10: 'made'
2025-02-13 11:17:15,353 - INFO - ['leo_poll_re-leothreads-ciytpfsn', 'leo_poll_re-leothreads-klxvtevc', 'leo_poll_re-leothreads-64ornd3q']
2025-02-13 11:22:02,755 - INFO - ['leo_poll_re-leothreads-ciytpfsn', 'leo_poll_re-leothreads-klxvtevc', 'leo_poll_re-leothreads-64ornd3q']
2025-02-13 11:25:42,286 - INFO - ['leo_poll_re-leothreads-ciytpfsn', 'leo_poll_re-leothreads-klxvtevc', 'leo_poll_re-leothreads-64ornd3q']
2025-02-13 11:28:14,783 - INFO - ['leo_poll_re-leothreads-ciytpfsn', 'leo_poll_re-leothreads-klxvtevc', 'leo_poll_re-leothreads-64ornd3q']
2025-02-13 11:58:18,548 - INFO - ['leo_poll_re-leothreads-ciytpfsn', 'leo_poll_re-leothreads-klxvtevc', 'leo_poll_re-leothreads-64ornd3q']
2025-02-13 12:02:13,363 - INFO - ['leo_poll_re-leothreads-ciytpfsn', 'leo_poll_re-leothreads-klxvtevc', 'leo_poll_re-leothreads-64ornd3q']
2025-02-13 12:02:13,363 - INFO - ['leo_poll_re-leothreads-ciytpfsn', 'leo_poll_re-leothreads-klxvtevc', 'leo_poll_re-leothreads-64ornd3q']
